  [1m[36m (1.2ms)[0m  [1mCREATE TABLE "schema_migrations" ("version" varchar NOT NULL) [0m
  [1m[35m (0.0ms)[0m  select sqlite_version(*)
  [1m[36m (1.0ms)[0m  [1mCREATE UNIQUE INDEX "unique_schema_migrations" ON "schema_migrations" ("version")[0m
  [1m[35mActiveRecord::SchemaMigration Load (0.1ms)[0m  SELECT "schema_migrations".* FROM "schema_migrations"
  [1m[36mActiveRecord::SchemaMigration Load (0.1ms)[0m  [1mSELECT "schema_migrations".* FROM "schema_migrations"[0m
Migrating to CreatePosts (20151230232412)
  [1m[35m (0.1ms)[0m  begin transaction
  [1m[36m (0.4ms)[0m  [1mCREATE TABLE "posts" ("id" INTEGER PRIMARY KEY AUTOINCREMENT NOT NULL, "title" varchar, "description" text, "created_at" datetime NOT NULL, "updated_at" datetime NOT NULL) [0m
  [1m[35mSQL (0.2ms)[0m  INSERT INTO "schema_migrations" ("version") VALUES (?)  [["version", "20151230232412"]]
  [1m[36m (1.3ms)[0m  [1mcommit transaction[0m
  [1m[35mActiveRecord::SchemaMigration Load (0.1ms)[0m  SELECT "schema_migrations".* FROM "schema_migrations"
Started GET "/posts" for 127.0.0.1 at 2019-12-06 10:26:56 -0500
  [1m[36mActiveRecord::SchemaMigration Load (0.2ms)[0m  [1m[34mSELECT "schema_migrations".* FROM "schema_migrations"[0m
Processing by PostsController#index as HTML
  Rendering posts/index.html.erb within layouts/application
  [1m[36mPost Load (0.2ms)[0m  [1m[34mSELECT "posts".* FROM "posts"[0m
  Rendered posts/index.html.erb within layouts/application (6.5ms)
Completed 200 OK in 408ms (Views: 391.5ms | ActiveRecord: 1.0ms)


  [1m[35m (0.0ms)[0m  [1m[36mbegin transaction[0m
  [1m[35mSQL (2.3ms)[0m  [1m[32mINSERT INTO "posts" ("title", "description", "created_at", "updated_at") VALUES (?, ?, ?, ?)[0m  [["title", "Nice Title!"], ["description", "Nice description, man!"], ["created_at", "2019-12-06 15:28:06.097081"], ["updated_at", "2019-12-06 15:28:06.097081"]]
  [1m[35m (1.7ms)[0m  [1m[36mcommit transaction[0m
Started GET "/posts" for 127.0.0.1 at 2019-12-06 10:28:22 -0500
  [1m[36mActiveRecord::SchemaMigration Load (0.2ms)[0m  [1m[34mSELECT "schema_migrations".* FROM "schema_migrations"[0m
Processing by PostsController#index as HTML
  Rendering posts/index.html.erb within layouts/application
  [1m[36mPost Load (0.4ms)[0m  [1m[34mSELECT "posts".* FROM "posts"[0m
  Rendered posts/index.html.erb within layouts/application (13.8ms)
Completed 200 OK in 249ms (Views: 231.7ms | ActiveRecord: 1.3ms)


Started GET "/posts/1" for 127.0.0.1 at 2019-12-06 10:28:35 -0500
Processing by PostsController#show as HTML
  Parameters: {"id"=>"1"}
  [1m[36mPost Load (0.3ms)[0m  [1m[34mSELECT  "posts".* FROM "posts" WHERE "posts"."id" = ? LIMIT ?[0m  [["id", 1], ["LIMIT", 1]]
  Rendering posts/show.html.erb within layouts/application
  Rendered posts/show.html.erb within layouts/application (0.3ms)
Completed 200 OK in 29ms (Views: 20.2ms | ActiveRecord: 0.3ms)


